<?xml version="1.0" encoding="UTF-8"?>
<domain>

	<!-- NLU model -->
	<model trigger="u_u">

		<rule>
			<case>
				<condition operator="or">
					<if var="u_u" value="* Julia Hirschberg" relation="contains" />
					<if var="u_u" value="Professor * Hirschberg" relation="contains" />
				</condition>
				<effect prob="1">
					<set var="a_u" value="Request(Julia)" />
				</effect>
			</case>
			<case>
				<condition operator="or">
					<if var="u_u" value="* Michael Collins" relation="contains" />
					<if var="u_u" value="Professor Collins" relation="contains" />
				</condition>
				<effect prob="1">
					<set var="a_u" value="Request(Michael)" />
				</effect>
			</case>
		</rule>
	</model>

	<!-- Action selection model -->
	<model trigger="a_u">

		<rule id="movement">
			<case>
				<condition>
					<if var="a_u" value="Request({X})" />
				</condition>
				<effect util="1">
					<set var="a_m" value="Identify({X})" />
				</effect>
			</case>
		</rule>

		<rule id ="negative">
			<case>
				<effect util="-0.5">
					<set var="a_m" value="Identify(*)" />
				</effect>
			</case>
		</rule>


		<rule id="repeat">
			<case>
				<effect util="0.2">
					<set var="a_m" value="AskRepeat" />
				</effect>
			</case>
		</rule>

	</model>


	<!-- NLG model -->
	<model trigger="a_m">
		<rule>
			<case>
				<condition>
					<if var="a_m" value="Identify({X})" />
				</condition>
				<effect util="1">
					<set var="u_m" value="Ok, identified {X}" />
				</effect>
			</case>
			<case>
				<condition>
					<if var="a_m" value="AskRepeat" />
				</condition>
				<effect util="1">
					<set var="u_m" value="Sorry, could you repeat?" />
				</effect>
			</case>
		</rule>
	</model>



	<!-- Prediction model for the next user dialogue act -->
	<model trigger="a_m">

		<rule>
			<case>
				<condition>
					<if var="a_m" value="AskRepeat" />
				</condition>
				<effect prob="0.95">
					<set var="a_u^p" value="{a_u}" />
				</effect>
			</case>
		</rule>
	</model>


</domain>
